"../../../../../../Users/Nikita/Documents/Unreal Projects/TestTaskTurtles/Content/Mannequin/Character/Mesh/UE4_Mannequin_Skeleton.uasset" 0
"../../../../../../Users/Nikita/Documents/Unreal Projects/TestTaskTurtles/Content/Mannequin/Animations/ThirdPersonJump_End.uasset" 1
"../../../../../../Users/Nikita/Documents/Unreal Projects/TestTaskTurtles/Content/Mannequin/Character/Mesh/SK_Mannequin_Female_PhysicsAsset.uasset" 2
"../../../../../../Users/Nikita/Documents/Unreal Projects/TestTaskTurtles/Content/Mannequin/Character/Textures/T_UE4Logo_N.uasset" 3
"../../../../../../Users/Nikita/Documents/Unreal Projects/TestTaskTurtles/Content/Mannequin/Character/Textures/T_UE4Logo_Mask.uasset" 4
"../../../../../../Users/Nikita/Documents/Unreal Projects/TestTaskTurtles/Content/Mannequin/Character/Textures/T_Male_N.uasset" 5
"../../../../../../Users/Nikita/Documents/Unreal Projects/TestTaskTurtles/Content/Mannequin/Character/Textures/T_Male_Mask.uasset" 6
"../../../../../../Users/Nikita/Documents/Unreal Projects/TestTaskTurtles/Content/Mannequin/Character/Materials/MaterialLayers/T_ML_Rubber_Blue_01_N.uasset" 7
"../../../../../../Users/Nikita/Documents/Unreal Projects/TestTaskTurtles/Content/Mannequin/Character/Materials/MaterialLayers/T_ML_Rubber_Blue_01_D.uasset" 8
"../../../../../../Users/Nikita/Documents/Unreal Projects/TestTaskTurtles/Content/Mannequin/Character/Materials/MaterialLayers/T_ML_Aluminum01_N.uasset" 9
"../../../../../../Users/Nikita/Documents/Unreal Projects/TestTaskTurtles/Content/Mannequin/Character/Materials/MaterialLayers/T_ML_Aluminum01.uasset" 10
"../../../../../../Users/Nikita/Documents/Unreal Projects/TestTaskTurtles/Content/Mannequin/Character/Materials/MaterialLayers/ML_SoftMetal_UE4.uasset" 11
"../../../../../../Users/Nikita/Documents/Unreal Projects/TestTaskTurtles/Content/Mannequin/Character/Materials/MaterialLayers/ML_Plastic_Shiny_Beige_LOGO.uasset" 12
"../../../../../../Users/Nikita/Documents/Unreal Projects/TestTaskTurtles/Content/Mannequin/Character/Materials/MaterialLayers/ML_Plastic_Shiny_Beige.uasset" 13
"../../../../../../Users/Nikita/Documents/Unreal Projects/TestTaskTurtles/Content/Mannequin/Character/Materials/MaterialLayers/ML_GlossyBlack_Latex_UE4.uasset" 14
"../../../Engine/Content/Functions/MaterialLayerFunctions/MatLayerBlend_Simple.uasset" 15
"../../../Engine/Content/Functions/Engine_MaterialFunctions02/Utility/BlendAngleCorrectedNormals.uasset" 16
"../../../Engine/Content/Functions/MaterialLayerFunctions/MatLayerBlend_NormalBlend.uasset" 17
"../../../../../../Users/Nikita/Documents/Unreal Projects/TestTaskTurtles/Content/Mannequin/Character/Materials/M_Male_Body.uasset" 18
"../../../../../../Users/Nikita/Documents/Unreal Projects/TestTaskTurtles/Content/Mannequin/Character/Materials/M_UE4Man_ChestLogo.uasset" 19
"../../../../../../Users/Nikita/Documents/Unreal Projects/TestTaskTurtles/Content/Mannequin/Character/Textures/T_Female_N.uasset" 20
"../../../../../../Users/Nikita/Documents/Unreal Projects/TestTaskTurtles/Content/Mannequin/Character/Textures/T_Female_Mask.uasset" 21
"../../../../../../Users/Nikita/Documents/Unreal Projects/TestTaskTurtles/Content/Mannequin/Character/Materials/MI_Female_Body.uasset" 22
"../../../../../../Users/Nikita/Documents/Unreal Projects/TestTaskTurtles/Content/Mannequin/Character/Mesh/SK_Mannequin_Female.uasset" 23
"../../../../../../Users/Nikita/Documents/Unreal Projects/TestTaskTurtles/Content/StarterContent/Audio/Explosion01.uasset" 24
"../../../../../../Users/Nikita/Documents/Unreal Projects/TestTaskTurtles/Content/StarterContent/Audio/Explosion02.uasset" 25
"../../../../../../Users/Nikita/Documents/Unreal Projects/TestTaskTurtles/Content/StarterContent/Audio/Steam01.uasset" 26
"../../../../../../Users/Nikita/Documents/Unreal Projects/TestTaskTurtles/Content/StarterContent/Textures/T_Door_N.uasset" 27
"../../../../../../Users/Nikita/Documents/Unreal Projects/TestTaskTurtles/Content/StarterContent/Textures/T_Dust_Particle_D.uasset" 28
"../../../../../../Users/Nikita/Documents/Unreal Projects/TestTaskTurtles/Content/StarterContent/Textures/T_Explosion_SubUV.uasset" 29
"../../../../../../Users/Nikita/Documents/Unreal Projects/TestTaskTurtles/Content/StarterContent/Textures/T_Fire_SubUV.uasset" 30
"../../../../../../Users/Nikita/Documents/Unreal Projects/TestTaskTurtles/Content/StarterContent/Textures/T_Fire_Tiled_D.uasset" 31
"../../../../../../Users/Nikita/Documents/Unreal Projects/TestTaskTurtles/Content/StarterContent/Textures/T_Frame_M.uasset" 32
"../../../../../../Users/Nikita/Documents/Unreal Projects/TestTaskTurtles/Content/StarterContent/Textures/T_Frame_N.uasset" 33
"../../../../../../Users/Nikita/Documents/Unreal Projects/TestTaskTurtles/Content/StarterContent/Textures/T_Gradinet_01.uasset" 34
"../../../../../../Users/Nikita/Documents/Unreal Projects/TestTaskTurtles/Content/StarterContent/Textures/T_Ground_Grass_D.uasset" 35
"../../../../../../Users/Nikita/Documents/Unreal Projects/TestTaskTurtles/Content/StarterContent/Textures/T_Ground_Grass_N.uasset" 36
"../../../../../../Users/Nikita/Documents/Unreal Projects/TestTaskTurtles/Content/StarterContent/Textures/T_Ground_Gravel_D.uasset" 37
"../../../../../../Users/Nikita/Documents/Unreal Projects/TestTaskTurtles/Content/StarterContent/Textures/T_Ground_Gravel_N.uasset" 38
"../../../../../../Users/Nikita/Documents/Unreal Projects/TestTaskTurtles/Content/StarterContent/Textures/T_ground_Moss_D.uasset" 39
"../../../../../../Users/Nikita/Documents/Unreal Projects/TestTaskTurtles/Content/StarterContent/Textures/T_Ground_Moss_N.uasset" 40
"../../../../../../Users/Nikita/Documents/Unreal Projects/TestTaskTurtles/Content/StarterContent/Textures/T_Lamp_M.uasset" 41
"../../../../../../Users/Nikita/Documents/Unreal Projects/TestTaskTurtles/Content/StarterContent/Textures/T_Lamp_N.uasset" 42
"../../../../../../Users/Nikita/Documents/Unreal Projects/TestTaskTurtles/Content/StarterContent/Textures/T_Metal_Copper_D.uasset" 43
"../../../../../../Users/Nikita/Documents/Unreal Projects/TestTaskTurtles/Content/StarterContent/Textures/T_Metal_Gold_D.uasset" 44
"../../../../../../Users/Nikita/Documents/Unreal Projects/TestTaskTurtles/Content/StarterContent/Textures/T_Metal_Rust_D.uasset" 45
"../../../../../../Users/Nikita/Documents/Unreal Projects/TestTaskTurtles/Content/StarterContent/Textures/T_Metal_Rust_N.uasset" 46
"../../../../../../Users/Nikita/Documents/Unreal Projects/TestTaskTurtles/Content/StarterContent/Textures/T_Metal_Steel_D.uasset" 47
"../../../../../../Users/Nikita/Documents/Unreal Projects/TestTaskTurtles/Content/StarterContent/Textures/T_Metal_Steel_N.uasset" 48
"../../../../../../Users/Nikita/Documents/Unreal Projects/TestTaskTurtles/Content/StarterContent/Textures/T_Perlin_Noise_M.uasset" 49
"../../../../../../Users/Nikita/Documents/Unreal Projects/TestTaskTurtles/Content/StarterContent/Textures/T_RockMesh_M.uasset" 50
"../../../../../../Users/Nikita/Documents/Unreal Projects/TestTaskTurtles/Content/StarterContent/Textures/T_RockMesh_N.uasset" 51
"../../../../../../Users/Nikita/Documents/Unreal Projects/TestTaskTurtles/Content/StarterContent/Textures/T_Rock_Basalt_D.uasset" 52
"../../../../../../Users/Nikita/Documents/Unreal Projects/TestTaskTurtles/Content/StarterContent/Textures/T_Rock_Basalt_N.uasset" 53
"../../../../../../Users/Nikita/Documents/Unreal Projects/TestTaskTurtles/Content/StarterContent/Textures/T_Rock_Marble_Polished_D.uasset" 54
"../../../../../../Users/Nikita/Documents/Unreal Projects/TestTaskTurtles/Content/StarterContent/Textures/T_Rock_Sandstone_D.uasset" 55
"../../../../../../Users/Nikita/Documents/Unreal Projects/TestTaskTurtles/Content/StarterContent/Textures/T_Rock_Sandstone_N.uasset" 56
"../../../../../../Users/Nikita/Documents/Unreal Projects/TestTaskTurtles/Content/StarterContent/Textures/T_Rock_Slate_D.uasset" 57
"../../../../../../Users/Nikita/Documents/Unreal Projects/TestTaskTurtles/Content/StarterContent/Textures/T_Rock_Slate_N.uasset" 58
"../../../../../../Users/Nikita/Documents/Unreal Projects/TestTaskTurtles/Content/StarterContent/Textures/T_Rock_Smooth_Granite_D.uasset" 59
"../../../../../../Users/Nikita/Documents/Unreal Projects/TestTaskTurtles/Content/StarterContent/Textures/T_Shelf_M.uasset" 60
"../../../../../../Users/Nikita/Documents/Unreal Projects/TestTaskTurtles/Content/StarterContent/Textures/T_Shelf_N.uasset" 61
"../../../../../../Users/Nikita/Documents/Unreal Projects/TestTaskTurtles/Content/StarterContent/Textures/T_Single_Tile_N.uasset" 62
"../../../../../../Users/Nikita/Documents/Unreal Projects/TestTaskTurtles/Content/StarterContent/Textures/T_Smoke_SubUV.uasset" 63
"../../../../../../Users/Nikita/Documents/Unreal Projects/TestTaskTurtles/Content/StarterContent/Textures/T_Smoke_Tiled_D.uasset" 64
"../../../../../../Users/Nikita/Documents/Unreal Projects/TestTaskTurtles/Content/StarterContent/Textures/T_Spark_Core.uasset" 65
"../../../../../../Users/Nikita/Documents/Unreal Projects/TestTaskTurtles/Content/StarterContent/Textures/T_Statue_M.uasset" 66
"../../../../../../Users/Nikita/Documents/Unreal Projects/TestTaskTurtles/Content/StarterContent/Textures/T_Statue_N.uasset" 67
"../../../../../../Users/Nikita/Documents/Unreal Projects/TestTaskTurtles/Content/StarterContent/Textures/T_TableRound_M.uasset" 68
"../../../../../../Users/Nikita/Documents/Unreal Projects/TestTaskTurtles/Content/StarterContent/Textures/T_TableRound_N.uasset" 69
"../../../../../../Users/Nikita/Documents/Unreal Projects/TestTaskTurtles/Content/StarterContent/Textures/T_Tech_Dot_M.uasset" 70
"../../../../../../Users/Nikita/Documents/Unreal Projects/TestTaskTurtles/Content/StarterContent/Textures/T_Tech_Dot_N.uasset" 71
"../../../../../../Users/Nikita/Documents/Unreal Projects/TestTaskTurtles/Content/StarterContent/Textures/T_Tech_Panel_M.uasset" 72
"../../../../../../Users/Nikita/Documents/Unreal Projects/TestTaskTurtles/Content/StarterContent/Textures/T_Tech_Panel_N.uasset" 73
"../../../../../../Users/Nikita/Documents/Unreal Projects/TestTaskTurtles/Content/StarterContent/Textures/T_Water_M.uasset" 74
"../../../../../../Users/Nikita/Documents/Unreal Projects/TestTaskTurtles/Content/StarterContent/Textures/T_Water_N.uasset" 75
"../../../../../../Users/Nikita/Documents/Unreal Projects/TestTaskTurtles/Content/StarterContent/Textures/T_Wood_Floor_Walnut_D.uasset" 76
"../../../../../../Users/Nikita/Documents/Unreal Projects/TestTaskTurtles/Content/StarterContent/Textures/T_Wood_Floor_Walnut_M.uasset" 77
"../../../../../../Users/Nikita/Documents/Unreal Projects/TestTaskTurtles/Content/StarterContent/Textures/T_Wood_Floor_Walnut_N.uasset" 78
"../../../../../../Users/Nikita/Documents/Unreal Projects/TestTaskTurtles/Content/StarterContent/Textures/T_Wood_Oak_D.uasset" 79
"../../../../../../Users/Nikita/Documents/Unreal Projects/TestTaskTurtles/Content/StarterContent/Textures/T_Wood_Oak_N.uasset" 80
"../../../../../../Users/Nikita/Documents/Unreal Projects/TestTaskTurtles/Content/StarterContent/Textures/T_Wood_Pine_D.uasset" 81
"../../../../../../Users/Nikita/Documents/Unreal Projects/TestTaskTurtles/Content/StarterContent/Textures/T_Wood_Pine_N.uasset" 82
"../../../../../../Users/Nikita/Documents/Unreal Projects/TestTaskTurtles/Content/StarterContent/Textures/T_Wood_Walnut_D.uasset" 83
"../../../../../../Users/Nikita/Documents/Unreal Projects/TestTaskTurtles/Content/StarterContent/Textures/T_Wood_Walnut_N.uasset" 84
"../../../../../../Users/Nikita/Documents/Unreal Projects/TestTaskTurtles/Content/Mannequin/Character/Mesh/SK_Mannequin_PhysicsAsset.uasset" 85
"../../../../../../Users/Nikita/Documents/Unreal Projects/TestTaskTurtles/Content/Mannequin/Character/Mesh/SK_Mannequin.uasset" 86
"../../../Engine/Content/EditorBlueprintResources/StandardMacros.uasset" 87
"../../../../../../Users/Nikita/Documents/Unreal Projects/TestTaskTurtles/Content/Mannequin/Animations/ThirdPersonWalk.uasset" 88
"../../../../../../Users/Nikita/Documents/Unreal Projects/TestTaskTurtles/Content/Mannequin/Animations/ThirdPersonRun.uasset" 89
"../../../../../../Users/Nikita/Documents/Unreal Projects/TestTaskTurtles/Content/Mannequin/Animations/ThirdPersonIdle.uasset" 90
"../../../../../../Users/Nikita/Documents/Unreal Projects/TestTaskTurtles/Content/Mannequin/Animations/ThirdPerson_IdleRun_2D.uasset" 91
"../../../../../../Users/Nikita/Documents/Unreal Projects/TestTaskTurtles/Content/Mannequin/Animations/ThirdPerson_Jump.uasset" 92
"../../../../../../Users/Nikita/Documents/Unreal Projects/TestTaskTurtles/Content/Mannequin/Animations/ThirdPersonJump_Start.uasset" 93
"../../../../../../Users/Nikita/Documents/Unreal Projects/TestTaskTurtles/Content/Mannequin/Animations/ThirdPersonJump_Loop.uasset" 94
"../../../../../../Users/Nikita/Documents/Unreal Projects/TestTaskTurtles/Content/Mannequin/Animations/ThirdPerson_AnimBP.uasset" 95
"../../../Engine/Content/EngineMaterials/T_Default_Material_Grid_N.uasset" 96
"../../../Engine/Content/EngineMaterials/T_Default_Material_Grid_M.uasset" 97
"../../../Engine/Content/Functions/Engine_MaterialFunctions01/Opacity/CameraDepthFade.uasset" 98
"../../../Engine/Content/EngineMaterials/DefaultMaterial.uasset" 99
"../../../Engine/Content/BasicShapes/Cylinder.uasset" 100
"../../../Engine/Content/BasicShapes/BasicShapeMaterial.uasset" 101
"../../../Engine/Content/EngineMaterials/WorldGridMaterial.uasset" 102
"../../../Engine/Content/BasicShapes/Cube.uasset" 103
"../../../../../../Users/Nikita/Documents/Unreal Projects/TestTaskTurtles/Content/TestTurtles/Blueprints/TurtleBP/ETurtleType.uasset" 104
"../../../../../../Users/Nikita/Documents/Unreal Projects/TestTaskTurtles/Content/TestTurtles/Sounds/SpawnSound.uasset" 105
"../../../../../../Users/Nikita/Documents/Unreal Projects/TestTaskTurtles/Content/TestTurtles/Sounds/SpawnCue.uasset" 106
"../../../../../../Users/Nikita/Documents/Unreal Projects/TestTaskTurtles/Content/TestTurtles/Models/Drone01/Mesh/Drone01_Skeleton.uasset" 107
"../../../../../../Users/Nikita/Documents/Unreal Projects/TestTaskTurtles/Content/TestTurtles/Models/Drone01/textures/Drone01/Drone01_Roughness.uasset" 108
"../../../../../../Users/Nikita/Documents/Unreal Projects/TestTaskTurtles/Content/TestTurtles/Models/Drone01/textures/Drone01/Drone01_Normal_DirectX.uasset" 109
"../../../../../../Users/Nikita/Documents/Unreal Projects/TestTaskTurtles/Content/TestTurtles/Models/Drone01/textures/Drone01/Drone01_Mixed_AO.uasset" 110
"../../../../../../Users/Nikita/Documents/Unreal Projects/TestTaskTurtles/Content/TestTurtles/Models/Drone01/textures/Drone01/Drone01_Metallic.uasset" 111
"../../../../../../Users/Nikita/Documents/Unreal Projects/TestTaskTurtles/Content/TestTurtles/Models/Drone01/textures/Drone01/Drone01_Mask.uasset" 112
"../../../../../../Users/Nikita/Documents/Unreal Projects/TestTaskTurtles/Content/TestTurtles/Models/Drone01/textures/Drone01/Drone01_Emissive.uasset" 113
"../../../../../../Users/Nikita/Documents/Unreal Projects/TestTaskTurtles/Content/TestTurtles/Models/Drone01/textures/Drone01/Drone01_Base_Color.uasset" 114
"../../../Engine/Content/Functions/Engine_MaterialFunctions02/HueShift.uasset" 115
"../../../../../../Users/Nikita/Documents/Unreal Projects/TestTaskTurtles/Content/TestTurtles/Models/Drone01/Materials/Drone01_Parent.uasset" 116
"../../../../../../Users/Nikita/Documents/Unreal Projects/TestTaskTurtles/Content/TestTurtles/Models/Drone01/Materials/Drone01_Red.uasset" 117
"../../../../../../Users/Nikita/Documents/Unreal Projects/TestTaskTurtles/Content/TestTurtles/Models/Drone01/textures/Lights/Lights_Roughness.uasset" 118
"../../../../../../Users/Nikita/Documents/Unreal Projects/TestTaskTurtles/Content/TestTurtles/Models/Drone01/textures/Lights/Lights_Normal_DirectX.uasset" 119
"../../../../../../Users/Nikita/Documents/Unreal Projects/TestTaskTurtles/Content/TestTurtles/Models/Drone01/textures/Lights/Lights_Mixed_AO.uasset" 120
"../../../../../../Users/Nikita/Documents/Unreal Projects/TestTaskTurtles/Content/TestTurtles/Models/Drone01/textures/Lights/Lights_Metallic.uasset" 121
"../../../../../../Users/Nikita/Documents/Unreal Projects/TestTaskTurtles/Content/TestTurtles/Models/Drone01/textures/Lights/Lights_Emissive.uasset" 122
"../../../../../../Users/Nikita/Documents/Unreal Projects/TestTaskTurtles/Content/TestTurtles/Models/Drone01/textures/Lights/Lights_Base_Color.uasset" 123
"../../../../../../Users/Nikita/Documents/Unreal Projects/TestTaskTurtles/Content/TestTurtles/Models/Drone01/Materials/Drone01_Lights_Red.uasset" 124
"../../../../../../Users/Nikita/Documents/Unreal Projects/TestTaskTurtles/Content/TestTurtles/Models/Drone01/Mesh/Drone01.uasset" 125
"../../Plugins/FX/Niagara/Content/Enums/ENiagaraMassByVolume.uasset" 126
"../../Plugins/FX/Niagara/Content/Modules/Update/Mass/CalculateSizeAndRotationalInertiaByMass.uasset" 127
"../../Plugins/FX/Niagara/Content/Enums/ENiagaraSystemInactiveMode.uasset" 128
"../../Plugins/FX/Niagara/Content/Enums/ENiagaraSphereDistributionMode.uasset" 129
"../../Plugins/FX/Niagara/Content/Enums/ENiagaraScaleColorMode.uasset" 130
"../../Plugins/FX/Niagara/Content/Enums/ENiagaraRandomnessMode.uasset" 131
"../../Plugins/FX/Niagara/Content/Enums/ENiagaraRandomnessEvaluation.uasset" 132
"../../Plugins/FX/Niagara/Content/Enums/ENiagaraInactiveMode.uasset" 133
"../../Plugins/FX/Niagara/Content/Enums/ENiagaraExpansionMode.uasset" 134
"../../Plugins/FX/Niagara/Content/Enums/ENiagaraEmitterScalabilityMode_Limited.uasset" 135
"../../Plugins/FX/Niagara/Content/Enums/ENiagaraEmitterLifeCycleMode.uasset" 136
"../../Plugins/FX/Niagara/Content/Enums/ENiagaraCoordinateSpace.uasset" 137
"../../Plugins/FX/Niagara/Content/Enums/ENiagaraChannelCorrelation.uasset" 138
"../../Plugins/FX/Niagara/Content/Enums/ENiagara_UVFlippingMode.uasset" 139
"../../Plugins/FX/Niagara/Content/Enums/ENiagara_SpriteRotationMode.uasset" 140
"../../Plugins/FX/Niagara/Content/Enums/ENiagara_SizeScaleMode.uasset" 141
"../../Plugins/FX/Niagara/Content/Enums/ENiagara_PositionInitializationMode.uasset" 142
"../../Plugins/FX/Niagara/Content/Enums/ENiagara_MassInitializationMode.uasset" 143
"../../Plugins/FX/Niagara/Content/Enums/ENiagara_LifetimeMode.uasset" 144
"../../Plugins/FX/Niagara/Content/Enums/ENiagara_InfiniteLoopDuration.uasset" 145
"../../Plugins/FX/Niagara/Content/Enums/ENiagara_EmitterStateOptions.uasset" 146
"../../Plugins/FX/Niagara/Content/Enums/ENiagara_ColorInitializationMode.uasset" 147
"../../Plugins/FX/Niagara/Content/Modules/Update/Size/ScaleSpriteSize.uasset" 148
"../../Plugins/FX/Niagara/Content/Modules/Update/Lifetime/ParticleState.uasset" 149
"../../Plugins/FX/Niagara/Content/Functions/Localspace/TransformBase.uasset" 150
"../../Plugins/FX/Niagara/Content/Functions/Localspace/TransformVector.uasset" 151
"../../Plugins/FX/Niagara/Content/Modules/Update/Forces/GravityForce.uasset" 152
"../../Plugins/FX/Niagara/Content/Modules/Update/Forces/Drag.uasset" 153
"../../Plugins/FX/Niagara/Content/Modules/Update/Color/ScaleColor.uasset" 154
"../../Plugins/FX/Niagara/Content/Functions/System/SystemChangeState.uasset" 155
"../../Plugins/FX/Niagara/Content/Modules/System/SystemState.uasset" 156
"../../Plugins/FX/Niagara/Content/Functions/GetRandomInfo.uasset" 157
"../../Plugins/FX/Niagara/Content/Functions/RandomRangeFloat.uasset" 158
"../../Plugins/FX/Niagara/Content/Functions/RandomUnitVector.uasset" 159
"../../Plugins/FX/Niagara/Content/Functions/RandomVector.uasset" 160
"../../Plugins/FX/Niagara/Content/Functions/DirectionAndLengthSafe.uasset" 161
"../../Plugins/FX/Niagara/Content/Functions/NormalizeDistanceRange.uasset" 162
"../../Plugins/FX/Niagara/Content/Functions/DistanceBasedFalloff.uasset" 163
"../../Plugins/FX/Niagara/Content/Functions/Localspace/SimulationPosition.uasset" 164
"../../Plugins/FX/Niagara/Content/Modules/Spawn/Velocity/AddVelocityFromPoint.uasset" 165
"../../Plugins/FX/Niagara/Content/Functions/V2/CalculateRandomRange.uasset" 166
"../../Plugins/FX/Niagara/Content/Functions/V2/CalculateRandomPointInSphere.uasset" 167
"../../Plugins/FX/Niagara/Content/Functions/SphericalToCartesianCoordinates.uasset" 168
"../../Plugins/FX/Niagara/Content/Functions/Rotation/MultiplyVectorWithQuaternion.uasset" 169
"../../Plugins/FX/Niagara/Content/Functions/Rotation/FindQuatBetween.uasset" 170
"../../Plugins/FX/Niagara/Content/Modules/Spawn/Location/V2/SphereLocation.uasset" 171
"../../Plugins/FX/Niagara/Content/Functions/V2/CalculateRandomRangeFloat.uasset" 172
"../../Plugins/FX/Niagara/Content/Functions/LinearColor/HueShiftLinearColor.uasset" 173
"../../Plugins/FX/Niagara/Content/Functions/V2/CalculateRandomRangeInteger.uasset" 174
"../../Plugins/FX/Niagara/Content/Functions/V2/CalculateRandomBool.uasset" 175
"../../Plugins/FX/Niagara/Content/Modules/Spawn/Initialization/V2/InitializeParticle.uasset" 176
"../../Plugins/FX/Niagara/Content/Modules/Solvers/SolveForcesAndVelocity.uasset" 177
"../../Plugins/FX/Niagara/Content/Modules/Emitter/SpawnBurst_Instantaneous.uasset" 178
"../../Plugins/FX/Niagara/Content/Functions/Emitter/EmitterChangeState.uasset" 179
"../../Plugins/FX/Niagara/Content/Enums/ENiagaraExecutionStateManagement.uasset" 180
"../../Plugins/FX/Niagara/Content/Modules/Emitter/EmitterState.uasset" 181
"../../Plugins/FX/Niagara/Content/DynamicInputs/ValueFromCurve/FloatFromCurve.uasset" 182
"../../Plugins/FX/Niagara/Content/DynamicInputs/UniformRange/V2/RandomRangeFloat.uasset" 183
"../../Plugins/FX/Niagara/Content/DynamicInputs/TypeConversions/Vector2DFromFloat.uasset" 184
"../../Plugins/FX/Niagara/Content/DynamicInputs/Helpers/SimulationPosition.uasset" 185
"../../../../../../Users/Nikita/Documents/Unreal Projects/TestTaskTurtles/Content/StarterContent/Textures/T_Tech_Hex_Tile_N.uasset" 186
"../../../../../../Users/Nikita/Documents/Unreal Projects/TestTaskTurtles/Content/StarterContent/Textures/T_Tech_Hex_Tile_M.uasset" 187
"../../../../../../Users/Nikita/Documents/Unreal Projects/TestTaskTurtles/Content/StarterContent/Textures/T_MacroVariation.uasset" 188
"../../../../../../Users/Nikita/Documents/Unreal Projects/TestTaskTurtles/Content/StarterContent/Materials/M_Tech_Hex_Tile_Pulse.uasset" 189
"../../../../../../Users/Nikita/Documents/Unreal Projects/TestTaskTurtles/Content/TestTurtles/Niagara/TurtleSpawnSystem.uasset" 190
"../../Plugins/FX/Niagara/Content/Modules/Update/Size/ScaleMeshSize.uasset" 191
"../../Plugins/FX/Niagara/Content/Functions/Math/RemapValueRange.uasset" 192
"../../Plugins/FX/Niagara/Content/Functions/PolarToCartesianCoordinates.uasset" 193
"../../Plugins/FX/Niagara/Content/Functions/RandomVectorInCone.uasset" 194
"../../Plugins/FX/Niagara/Content/Modules/Spawn/Velocity/AddVelocityInCone.uasset" 195
"../../Plugins/FX/Niagara/Content/DynamicInputs/TypeConversions/VectorFromFloat.uasset" 196
"../../Plugins/FX/Niagara/Content/DefaultAssets/M_Gnomon.uasset" 197
"../../Plugins/FX/Niagara/Content/DefaultAssets/S_Arrow.uasset" 198
"../../Plugins/FX/Niagara/Content/DefaultAssets/M_Gnomon_Alpha.uasset" 199
"../../Plugins/FX/Niagara/Content/DefaultAssets/DefaultSpriteMaterial.uasset" 200
"../../../../../../Users/Nikita/Documents/Unreal Projects/TestTaskTurtles/Content/TestTurtles/Niagara/TurtleExplotionSystem.uasset" 201
"../../../Engine/Content/Animation/DefaultAnimCurveCompressionSettings.uasset" 202
"../../../Engine/Content/Animation/DefaultAnimBoneCompressionSettings.uasset" 203
"../../../../../../Users/Nikita/Documents/Unreal Projects/TestTaskTurtles/Content/TestTurtles/Models/Drone01/Mesh/Animations/Movement/Drone01_Idle.uasset" 204
"../../../../../../Users/Nikita/Documents/Unreal Projects/TestTaskTurtles/Content/TestTurtles/Models/Drone01/Mesh/Animations/Movement/Drone01_Forward_RT.uasset" 205
"../../../../../../Users/Nikita/Documents/Unreal Projects/TestTaskTurtles/Content/TestTurtles/Models/Drone01/Mesh/Animations/Movement/Drone01_Forward_LT.uasset" 206
"../../../../../../Users/Nikita/Documents/Unreal Projects/TestTaskTurtles/Content/TestTurtles/Models/Drone01/Mesh/Animations/Movement/Drone01_Forward.uasset" 207
"../../../../../../Users/Nikita/Documents/Unreal Projects/TestTaskTurtles/Content/TestTurtles/Models/Drone01/Mesh/Animations/Movement/Drone01_BS.uasset" 208
"../../../../../../Users/Nikita/Documents/Unreal Projects/TestTaskTurtles/Content/TestTurtles/Models/Drone01/Mesh/Drone01_ABP.uasset" 209
"../../../../../../Users/Nikita/Documents/Unreal Projects/TestTaskTurtles/Content/StarterContent/Audio/Steam01_Cue.uasset" 210
"../../../../../../Users/Nikita/Documents/Unreal Projects/TestTaskTurtles/Content/StarterContent/Audio/Explosion_Cue.uasset" 211
"../../../../../../Users/Nikita/Documents/Unreal Projects/TestTaskTurtles/Content/TestTurtles/Blueprints/TurtleBP/BP_Turtle.uasset" 212
"../../../../../../Users/Nikita/Documents/Unreal Projects/TestTaskTurtles/Content/StarterContent/Textures/T_Metal_Gold_N.uasset" 213
"../../../../../../Users/Nikita/Documents/Unreal Projects/TestTaskTurtles/Content/StarterContent/Textures/T_Metal_Aluminum_D.uasset" 214
"../../../../../../Users/Nikita/Documents/Unreal Projects/TestTaskTurtles/Content/StarterContent/Materials/M_Metal_Burnished_Steel.uasset" 215
"../../../../../../Users/Nikita/Documents/Unreal Projects/TestTaskTurtles/Content/TestTurtles/Blueprints/SpawnersBP/BP_Nest.uasset" 216
"../../../../../../Users/Nikita/Documents/Unreal Projects/TestTaskTurtles/Content/TestTurtles/Blueprints/SpawnersBP/BP_SpawnButton.uasset" 217
"../../../../../../Users/Nikita/Documents/Unreal Projects/TestTaskTurtles/Content/TestTurtles/Blueprints/CharacterBP/InteractableWidget.uasset" 218
"../../../../../../Users/Nikita/Documents/Unreal Projects/TestTaskTurtles/Content/TestTurtles/Blueprints/CharacterBP/ThirdPersonCharacter.uasset" 219
"../../../../../../Users/Nikita/Documents/Unreal Projects/TestTaskTurtles/Content/TestTurtles/Blueprints/ThirdPersonCharacter.uasset" 220
"../../../../../../Users/Nikita/Documents/Unreal Projects/TestTaskTurtles/Content/TestTurtles/Blueprints/ThirdPersonCharacter_C.uasset" 221
"../../../../../../Users/Nikita/Documents/Unreal Projects/TestTaskTurtles/Content/TestTurtles/Blueprints/ThirdPersonGameMode.uasset" 222
"../../../../../../Users/Nikita/Documents/Unreal Projects/TestTaskTurtles/Content/TestTurtles/Models/Drone01/Materials/Drone01_Blue.uasset" 223
"../../../../../../Users/Nikita/Documents/Unreal Projects/TestTaskTurtles/Content/TestTurtles/Models/Drone01/Materials/Drone01_Green.uasset" 224
"../../../../../../Users/Nikita/Documents/Unreal Projects/TestTaskTurtles/Content/TestTurtles/Models/Drone01/Materials/Drone01_Lights_Blue.uasset" 225
"../../../../../../Users/Nikita/Documents/Unreal Projects/TestTaskTurtles/Content/TestTurtles/Models/Drone01/Materials/Drone01_Lights_Green.uasset" 226
"../../../../../../Users/Nikita/Documents/Unreal Projects/TestTaskTurtles/Content/TestTurtles/Models/Drone01/Mesh/Drone01_PhysicsAsset.uasset" 227
"../../../../../../Users/Nikita/Documents/Unreal Projects/TestTaskTurtles/Content/TestTurtles/Models/Drone01/Mesh/Animations/Movement/Drone01_Back.uasset" 228
"../../../../../../Users/Nikita/Documents/Unreal Projects/TestTaskTurtles/Content/TestTurtles/Models/Drone01/Mesh/Animations/Movement/Drone01_Back_LT.uasset" 229
"../../../../../../Users/Nikita/Documents/Unreal Projects/TestTaskTurtles/Content/TestTurtles/Models/Drone01/Mesh/Animations/Movement/Drone01_Back_RT.uasset" 230
"../../../../../../Users/Nikita/Documents/Unreal Projects/TestTaskTurtles/Content/TestTurtles/Models/Drone01/Mesh/Animations/Movement/Drone01_Forward_ArmsForward.uasset" 231
"../../../../../../Users/Nikita/Documents/Unreal Projects/TestTaskTurtles/Content/TestTurtles/Models/Drone01/textures/Drone01/Drone01_Base_Color_Grey.uasset" 232
"../../../../../../Users/Nikita/Documents/Unreal Projects/TestTaskTurtles/Content/TestTurtles/Models/Drone01/textures/Drone01/Drone01_Height.uasset" 233
"../../../../../../Users/Nikita/Documents/Unreal Projects/TestTaskTurtles/Content/TestTurtles/Models/Drone01/textures/Drone01/Drone01_Normal.uasset" 234
"../../../../../../Users/Nikita/Documents/Unreal Projects/TestTaskTurtles/Content/TestTurtles/Models/Drone01/textures/Lights/Lights_Height.uasset" 235
"../../../../../../Users/Nikita/Documents/Unreal Projects/TestTaskTurtles/Content/TestTurtles/Models/Drone01/textures/Lights/Lights_Normal.uasset" 236
"../../../Engine/Content/ArtTools/RenderToTexture/Meshes/S_1_Unit_Plane.uasset" 237
"../../../Engine/Content/BasicShapes/Cone.uasset" 238
"../../../Engine/Content/BasicShapes/Plane.uasset" 239
"../../../Engine/Content/BasicShapes/Sphere.uasset" 240
"../../../Engine/Content/EditorLandscapeResources/DataLayer.uasset" 241
"../../../Engine/Content/EditorLandscapeResources/DefaultAlphaTexture.uasset" 242
"../../../Engine/Content/EditorMaterials/MAT_Groups_Toggle.uasset" 243
"../../../Engine/Content/EditorMaterials/MAT_Groups_Visibility.uasset" 244
"../../../Engine/Content/EditorMaterials/PreviewShadowIndicator.uasset" 245
"../../../Engine/Content/EditorMaterials/PreviewShadowIndicatorMaterial.uasset" 246
"../../../Engine/Content/EditorMaterials/MatineeGroups/MAT_ColorTrack.uasset" 247
"../../../Engine/Content/EditorMaterials/MatineeGroups/MAT_Groups_Anim.uasset" 248
"../../../Engine/Content/EditorMaterials/MatineeGroups/MAT_Groups_AudioMaster.uasset" 249
"../../../Engine/Content/EditorMaterials/MatineeGroups/MAT_Groups_Director.uasset" 250
"../../../Engine/Content/EditorMaterials/MatineeGroups/MAT_Groups_Event.uasset" 251
"../../../Engine/Content/EditorMaterials/MatineeGroups/MAT_Groups_Fade.uasset" 252
"../../../Engine/Content/EditorMaterials/MatineeGroups/MAT_Groups_Float.uasset" 253
"../../../Engine/Content/EditorMaterials/MatineeGroups/MAT_Groups_Move.uasset" 254
"../../../Engine/Content/EditorMaterials/MatineeGroups/MAT_Groups_Slomo.uasset" 255
"../../../Engine/Content/EditorMaterials/MatineeGroups/MAT_Groups_Sound.uasset" 256
"../../../Engine/Content/EditorMaterials/MatineeGroups/MAT_Groups_Vector.uasset" 257
"../../../Engine/Content/EditorMaterials/ParticleSystems/PSysThumbnail_NoImage.uasset" 258
"../../../Engine/Content/EditorMaterials/ParticleSystems/PSysThumbnail_OOD.uasset" 259
"../../../Engine/Content/EditorMaterials/Camera/CineMat.uasset" 260
"../../../Engine/Content/EditorMaterials/Camera/MI_CineMat_Rig.uasset" 261
"../../../Engine/Content/EditorMeshes/Camera/SM_CraneRig_Arm.uasset" 262
"../../../Engine/Content/EditorMeshes/Camera/SM_CraneRig_Base.uasset" 263
"../../../Engine/Content/EditorMeshes/Camera/SM_CraneRig_Body.uasset" 264
"../../../Engine/Content/EditorMeshes/Camera/SM_CraneRig_Mount.uasset" 265
"../../../Engine/Content/EditorMeshes/Camera/SM_RailRig_Mount.uasset" 266
"../../../Engine/Content/EditorMeshes/Camera/SM_RailRig_Track.uasset" 267
"../../../Engine/Content/EditorResources/BSPVertex.uasset" 268
"../../../Engine/Content/EditorResources/EmptyActor.uasset" 269
"../../../Engine/Content/EditorResources/S_Actor.uasset" 270
"../../../Engine/Content/EditorResources/S_Note.uasset" 271
"../../../Engine/Content/EditorResources/S_Solver.uasset" 272
"../../../Engine/Content/EditorResources/S_Terrain.uasset" 273
"../../../Engine/Content/EditorResources/S_Trigger.uasset" 274
"../../../Engine/Content/EditorResources/LightIcons/S_LightError.uasset" 275
"../../../Engine/Content/EditorResources/SequenceRecorder/Countdown.uasset" 276
"../../../Engine/Content/EditorResources/SequenceRecorder/RecordingIndicator.uasset" 277
"../../../Engine/Content/EngineDamageTypes/DmgTypeBP_Environmental.uasset" 278
"../../../Engine/Content/EngineDebugMaterials/DebugEditorMaterial.uasset" 279
"../../../Engine/Content/EngineDebugMaterials/DebugMeshMaterial.uasset" 280
"../../../Engine/Content/EngineDebugMaterials/M_SimpleUnlitTranslucent.uasset" 281
"../../../Engine/Content/EngineDebugMaterials/VolumeToRender.uasset" 282
"../../../Engine/Content/Functions/Engine_MaterialFunctions02/Utility/CameraDirectionVector.uasset" 283
"../../../Engine/Content/EngineDebugMaterials/M_VolumeRenderSphereTracePP.uasset" 284
"../../../Engine/Content/Functions/Engine_MaterialFunctions01/Shading/ConvertFromDiffSpec.uasset" 285
"../../../Engine/Content/EngineDebugMaterials/VertexColorMaterial.uasset" 286
"../../../Engine/Content/EngineDebugMaterials/WireframeMaterial.uasset" 287
"../../../Engine/Content/EngineFonts/Faces/RobotoRegular.uasset" 288
"../../../Engine/Content/EngineFonts/Faces/RobotoLight.uasset" 289
"../../../Engine/Content/EngineFonts/Faces/RobotoItalic.uasset" 290
"../../../Engine/Content/EngineFonts/Faces/RobotoBoldItalic.uasset" 291
"../../../Engine/Content/EngineFonts/Faces/RobotoBold.uasset" 292
"../../../Engine/Content/EngineFonts/Faces/DroidSansFallback.uasset" 293
"../../../Engine/Content/EngineFonts/Roboto.uasset" 294
"../../../Engine/Content/EngineMaterials/BaseFlattenNormalMap.uasset" 295
"../../../Engine/Content/EngineMaterials/BaseFlattenGrayscaleMap.uasset" 296
"../../../Engine/Content/EngineMaterials/BaseFlattenEmissiveMap.uasset" 297
"../../../Engine/Content/EngineMaterials/BaseFlattenDiffuseMap.uasset" 298
"../../../Engine/Content/EngineMaterials/BaseFlattenMaterial.uasset" 299
"../../../Engine/Content/EngineMaterials/BlueNoise.uasset" 300
"../../../Engine/Content/EngineMaterials/DefaultBloomKernel.uasset" 301
"../../../Engine/Content/EngineMaterials/DefaultBokeh.uasset" 302
"../../../Engine/Content/EngineMaterials/DefaultDiffuse.uasset" 303
"../../../Engine/Content/EngineMaterials/DefaultDeferredDecalMaterial.uasset" 304
"../../../Engine/Content/EngineMaterials/DefaultLightFunctionMaterial.uasset" 305
"../../../Engine/Content/EngineMaterials/DefaultPhysicalMaterial.uasset" 306
"../../../Engine/Content/Functions/Engine_MaterialFunctions02/Utility/BreakOutFloat2Components.uasset" 307
"../../../Engine/Content/EngineMaterials/DefaultPostProcessMaterial.uasset" 308
"../../../Engine/Content/EngineFonts/RobotoDistanceField.uasset" 309
"../../../Engine/Content/EngineMaterials/DefaultTextMaterialOpaque.uasset" 310
"../../../Engine/Content/EngineMaterials/DefaultWhiteGrid.uasset" 311
"../../../Engine/Content/EngineMaterials/DefaultWhiteGrid_Low.uasset" 312
"../../../Engine/Content/EngineMaterials/EmissiveMeshMaterial.uasset" 313
"../../../Engine/Content/EngineMaterials/GizmoMaterial.uasset" 314
"../../../Engine/Content/EngineMaterials/Good64x64TilingNoiseHighFreq.uasset" 315
"../../../Engine/Content/EngineMaterials/MiniFont.uasset" 316
"../../../Engine/Content/EngineMaterials/InvalidLightmapSettings.uasset" 317
"../../../Engine/Content/EngineMaterials/M_InvalidLightmapSettings.uasset" 318
"../../../Engine/Content/Functions/Engine_MaterialFunctions02/WorldPositionOffset/CameraOffset.uasset" 319
"../../../Engine/Content/EngineMaterials/PhAT_JointLimitMaterial.uasset" 320
"../../../Engine/Content/EngineMaterials/PreintegratedSkinBRDF.uasset" 321
"../../../Engine/Content/EngineMaterials/RemoveSurfaceMaterial.uasset" 322
"../../../Engine/Content/EngineMaterials/WeightMapPlaceholderTexture.uasset" 323
"../../../Engine/Content/EngineResources/WhiteSquareTexture.uasset" 324
"../../../Engine/Content/EngineMaterials/Widget3DPassThrough.uasset" 325
"../../../Engine/Content/EngineMaterials/Widget3DPassThrough_Masked.uasset" 326
"../../../Engine/Content/EngineMaterials/Widget3DPassThrough_Opaque.uasset" 327
"../../../Engine/Content/EngineMaterials/Widget3DPassThrough_Masked_OneSided.uasset" 328
"../../../Engine/Content/EngineMaterials/Widget3DPassThrough_Opaque_OneSided.uasset" 329
"../../../Engine/Content/EngineMaterials/Widget3DPassThrough_Translucent.uasset" 330
"../../../Engine/Content/EngineMaterials/Widget3DPassThrough_Translucent_OneSided.uasset" 331
"../../../Engine/Content/EngineMeshes/Cylinder.uasset" 332
"../../../Engine/Content/EngineMeshes/Sphere.uasset" 333
"../../../Engine/Content/EngineResources/Black.uasset" 334
"../../../Engine/Content/EngineResources/DefaultTextureCube.uasset" 335
"../../../Engine/Content/EngineResources/DefaultVolumeTexture2D.uasset" 336
"../../../Engine/Content/EngineResources/DefaultVolumeTexture.uasset" 337
"../../../Engine/Content/EngineResources/GradientTexture0.uasset" 338
"../../../Engine/Content/EngineSky/VolumetricClouds/T_NoiseShape64.uasset" 339
"../../../Engine/Content/EngineSky/VolumetricClouds/T_VolumeNoiseShape64.uasset" 340
"../../../Engine/Content/EngineSky/VolumetricClouds/T_NoiseErosion.uasset" 341
"../../../Engine/Content/EngineSky/VolumetricClouds/T_VolumeNoiseErosion32.uasset" 342
"../../../Engine/Content/EngineSky/VolumetricClouds/CloudWeatherTexture.uasset" 343
"../../../Engine/Content/EngineSky/VolumetricClouds/CloudGradientTexture.uasset" 344
"../../../Engine/Content/Functions/Engine_MaterialFunctions02/Utility/MakeFloat2.uasset" 345
"../../../Engine/Content/EngineSky/VolumetricClouds/m_SimpleVolumetricCloud.uasset" 346
"../../../Engine/Content/EngineSky/VolumetricClouds/m_SimpleVolumetricCloud_Inst.uasset" 347
"../../../Engine/Content/EngineSounds/Master.uasset" 348
"../../../Engine/Content/Functions/Engine_MaterialFunctions01/Shading/PowerToRoughness.uasset" 349
"../../../Engine/Content/Maps/Templates/Thumbnails/Default.uasset" 350
"../../../Engine/Content/Maps/Templates/Thumbnails/TimeOfDay.uasset" 351
"../../../Engine/Content/Maps/Templates/Thumbnails/VR-Basic.uasset" 352
"../../../Engine/Content/MobileResources/T_MobileControls_texture.uasset" 353
"../../../Engine/Content/MobileResources/T_MobileMenu2.uasset" 354
"../../../Engine/Content/MobileResources/HUD/AnalogHat.uasset" 355
"../../../Engine/Content/MobileResources/HUD/VirtualJoystick_Thumb.uasset" 356
"../../../Engine/Content/MobileResources/HUD/VirtualJoystick_Background.uasset" 357
"../../../Engine/Content/MobileResources/HUD/DefaultVirtualJoysticks.uasset" 358
"../../../Engine/Content/MobileResources/HUD/LeftVirtualJoystickOnly.uasset" 359
"../../../Engine/Content/MobileResources/HUD/MobileHUDButton1_off.uasset" 360
"../../../Engine/Content/MobileResources/HUD/MobileHUDButton1_on.uasset" 361
"../../../Engine/Content/MobileResources/HUD/MobileHUDButton2_off.uasset" 362
"../../../Engine/Content/MobileResources/HUD/MobileHUDButton2_on.uasset" 363
"../../../Engine/Content/MobileResources/HUD/MobileHUDButton3.uasset" 364
"../../../Engine/Content/MobileResources/HUD/MobileHUDButtonFire.uasset" 365
"../../../Engine/Content/MobileResources/HUD/MobileHUDDirectionPad.uasset" 366
"../../../Engine/Content/MobileResources/HUD/MobileHUDDirectionPad2.uasset" 367
"../../../Engine/Content/MobileResources/HUD/MobileHUDDirectionPad3.uasset" 368
"../../../Engine/Content/MobileResources/HUD/MobileHUDDirectionStick.uasset" 369
"../../../Engine/Content/MobileResources/HUD/T_Castle_ThumbstickInner.uasset" 370
"../../../Engine/Content/MobileResources/HUD/T_Castle_ThumbstickOutter.uasset" 371
"../../../Engine/Content/Tutorial/ContentIntroCurve.uasset" 372
"../../../Engine/Content/Tutorial/Basics/LevelEditorAttract.uasset" 373
"../../../Engine/Content/VREditor/TransformGizmo/TranslucentTransformGizmoMaterial.uasset" 374
"../../../Engine/Content/VREditor/LaserPointer/VR_LaserPower_01.uasset" 375
"../../../Engine/Content/VREditor/TransformGizmo/TransformGizmoMaterial.uasset" 376
"../../../Engine/Content/VREditor/TransformGizmo/BoundingBoxCorner.uasset" 377
"../../../Engine/Content/VREditor/TransformGizmo/BoundingBoxEdge.uasset" 378
"../../../Engine/Content/VREditor/TransformGizmo/PlaneTranslationHandle.uasset" 379
"../../../Engine/Content/VREditor/TransformGizmo/Xray.uasset" 380
"../../../Engine/Content/VREditor/TransformGizmo/Main.uasset" 381
"../../../Engine/Content/VREditor/TransformGizmo/SM_Sequencer_Key.uasset" 382
"../../../Engine/Content/VREditor/TransformGizmo/SM_Sequencer_Node.uasset" 383
"../../Plugins/2D/Paper2D/Content/PlaceholderTextures/DummySpriteTexture.uasset" 384
"../../Plugins/2D/Paper2D/Content/DummySprite.uasset" 385
"../../Plugins/2D/Paper2D/Content/DefaultPaperTerrainMaterial.uasset" 386
"../../Plugins/2D/Paper2D/Content/DefaultSpriteMaterial.uasset" 387
"../../Plugins/2D/Paper2D/Content/MaskedUnlitSpriteMaterial.uasset" 388
"../../Plugins/2D/Paper2D/Content/OpaqueUnlitSpriteMaterial.uasset" 389
"../../../Engine/Content/Functions/Engine_MaterialFunctions02/Utility/BreakOutFloat3Components.uasset" 390
"../../Plugins/Editor/SpeedTreeImporter/Content/SpeedTree9/UnpackInteger3.uasset" 391
"../../Plugins/Editor/SpeedTreeImporter/Content/SpeedTree9/UnpackDirection.uasset" 392
"../../Plugins/Editor/SpeedTreeImporter/Content/SpeedTree9/game_wind_noise.uasset" 393
"../../../Engine/Content/Functions/Engine_MaterialFunctions02/SafeNormalize.uasset" 394
"../../Plugins/Editor/SpeedTreeImporter/Content/SpeedTree9/SpeedTreeWindMotion.uasset" 395
"../../Plugins/Editor/SpeedTreeImporter/Content/SpeedTree9/SpeedTreeBranchMotion.uasset" 396
"../../../Engine/Content/Functions/Engine_MaterialFunctions02/ObjectLocalBounds.uasset" 397
"../../../Engine/Content/Functions/Engine_MaterialFunctions02/UVs/BoundingBoxBased_0-1_UVW.uasset" 398
"../../Plugins/Editor/SpeedTreeImporter/Content/SpeedTree9/SpeedTreeWind.uasset" 399
"../../Plugins/Editor/SpeedTreeImporter/Content/SpeedTree9/SpeedTreeBillboard.uasset" 400
"../../../Engine/Content/EngineResources/DefaultTexture.uasset" 401
"../../Plugins/Editor/SpeedTreeImporter/Content/SpeedTree9/SpeedTreeBillboardMaster.uasset" 402
"../../Plugins/Editor/SpeedTreeImporter/Content/SpeedTree9/SpeedTreeCameraFacing.uasset" 403
"../../Plugins/Editor/SpeedTreeImporter/Content/SpeedTree9/SpeedTreeMaster.uasset" 404
"../../../Engine/Content/ArtTools/RenderToTexture/Materials/Debug/M_Emissive_Color.uasset" 405
"../../Plugins/Lumin/MagicLeapPassableWorld/Content/MagicLeapARPinInfoActor.uasset" 406
"../../../Engine/Content/Functions/Engine_MaterialFunctions02/Utility/BreakOutFloat4Components.uasset" 407
"../../../Engine/Content/Functions/Engine_MaterialFunctions02/Utility/MakeFloat3.uasset" 408
"../../Plugins/Runtime/Oculus/OculusVR/Content/Materials/OculusMR_ChromaKey.uasset" 409
"../../Plugins/Runtime/Oculus/OculusVR/Content/Materials/OculusMR_OpaqueColoredMaterial.uasset" 410
"../../Plugins/Runtime/Oculus/OculusVR/Content/Materials/PokeAHoleMaterial.uasset" 411
"../../../../../../Users/Nikita/Documents/Unreal Projects/TestTaskTurtles/Content/Geometry/Meshes/CubeMaterial.uasset" 412
"../../../../../../Users/Nikita/Documents/Unreal Projects/TestTaskTurtles/Content/Geometry/Meshes/TemplateFloor.uasset" 413
"../../../../../../Users/Nikita/Documents/Unreal Projects/TestTaskTurtles/Content/Geometry/Meshes/1M_Cube.uasset" 414
"../../../Engine/Content/EngineSky/T_Sky_Stars.uasset" 415
"../../../Engine/Content/EngineSky/T_Sky_Clouds_M.uasset" 416
"../../../Engine/Content/EngineSky/T_Sky_Blue.uasset" 417
"../../../Engine/Content/EngineSky/M_Sky_Panning_Clouds2.uasset" 418
"../../../../../../Users/Nikita/Documents/Unreal Projects/TestTaskTurtles/Content/TestTurtles/Maps/ThirdPersonExampleMap_BuiltData.uasset" 419
"../../../Engine/Content/EngineSky/SM_SkySphere.uasset" 420
"../../../Engine/Content/EngineSky/C_Sky_Zenith_Color.uasset" 421
"../../../Engine/Content/EngineSky/C_Sky_Horizon_Color.uasset" 422
"../../../Engine/Content/EngineSky/C_Sky_Cloud_Color.uasset" 423
"../../../Engine/Content/EngineSky/BP_Sky_Sphere.uasset" 424
"../../../../../../Users/Nikita/Documents/Unreal Projects/TestTaskTurtles/Content/StarterContent/Materials/M_Basic_Wall.uasset" 425
"../../../../../../Users/Nikita/Documents/Unreal Projects/TestTaskTurtles/Content/StarterContent/Shapes/Shape_Pipe_180.uasset" 426
"../../../../../../Users/Nikita/Documents/Unreal Projects/TestTaskTurtles/Content/TestTurtles/Blueprints/SpawnersBP/BP_Finish.uasset" 427
"../../../../../../Users/Nikita/Documents/Unreal Projects/TestTaskTurtles/Content/TestTurtles/Maps/ThirdPersonExampleMap.umap" 428
"../../../Engine/Content/Maps/Entry_BuiltData.uasset" 429
"../../../Engine/Content/Maps/Entry.umap" 430
